d:\lsy\qt_winpcap_client\qt_winpcap_client\debug\threadpool.obj
d:\lsy\qt_winpcap_client\qt_winpcap_client\debug\mainwindow.obj
d:\lsy\qt_winpcap_client\qt_winpcap_client\debug\main.obj
d:\lsy\qt_winpcap_client\qt_winpcap_client\debug\packethandle.obj
d:\lsy\qt_winpcap_client\qt_winpcap_client\debug\getnics.obj
d:\lsy\qt_winpcap_client\qt_winpcap_client\debug\vc141.pdb
d:\lsy\qt_winpcap_client\qt_winpcap_client\debug\moc_packethandle.obj
d:\lsy\qt_winpcap_client\qt_winpcap_client\debug\qrc_qt_winpcap_client.obj
d:\lsy\qt_winpcap_client\qt_winpcap_client\debug\moc_mainwindow.obj
d:\lsy\qt_winpcap_client\debug\qt_winpcap_client.ilk
d:\lsy\qt_winpcap_client\debug\qt_winpcap_client.exe
d:\lsy\qt_winpcap_client\debug\qt_winpcap_client.pdb
d:\lsy\qt_winpcap_client\qt_winpcap_client\debug\moc\moc_mainwindow.cpp
d:\lsy\qt_winpcap_client\qt_winpcap_client\debug\moc\moc_packethandle.cpp
d:\lsy\qt_winpcap_client\qt_winpcap_client\debug\uic\ui_qt_winpcap_client.h
d:\lsy\qt_winpcap_client\qt_winpcap_client\debug\rcc\qrc_qt_winpcap_client.cpp
d:\lsy\qt_winpcap_client\qt_winpcap_client\debug\qt_winpc.031ff3c7.tlog\cl.16356.write.1.tlog
d:\lsy\qt_winpcap_client\qt_winpcap_client\debug\qt_winpc.031ff3c7.tlog\cl.command.1.tlog
d:\lsy\qt_winpcap_client\qt_winpcap_client\debug\qt_winpc.031ff3c7.tlog\cl.read.1.tlog
d:\lsy\qt_winpcap_client\qt_winpcap_client\debug\qt_winpc.031ff3c7.tlog\link.command.1.tlog
d:\lsy\qt_winpcap_client\qt_winpcap_client\debug\qt_winpc.031ff3c7.tlog\link.read.1.tlog
d:\lsy\qt_winpcap_client\qt_winpcap_client\debug\qt_winpc.031ff3c7.tlog\link.write.1.tlog
d:\lsy\qt_winpcap_client\qt_winpcap_client\debug\qt_winpc.031ff3c7.tlog\moc.read.1u.tlog
d:\lsy\qt_winpcap_client\qt_winpcap_client\debug\qt_winpc.031ff3c7.tlog\moc.write.1u.tlog
d:\lsy\qt_winpcap_client\qt_winpcap_client\debug\qt_winpc.031ff3c7.tlog\qt_winpcap_client.write.1u.tlog
d:\lsy\qt_winpcap_client\qt_winpcap_client\debug\qt_winpc.031ff3c7.tlog\rcc.read.1u.tlog
d:\lsy\qt_winpcap_client\qt_winpcap_client\debug\qt_winpc.031ff3c7.tlog\rcc.write.1u.tlog
d:\lsy\qt_winpcap_client\qt_winpcap_client\debug\qt_winpc.031ff3c7.tlog\uic.read.1u.tlog
d:\lsy\qt_winpcap_client\qt_winpcap_client\debug\qt_winpc.031ff3c7.tlog\uic.write.1u.tlog
