d:\lsy\qt_winpcap_client\qt_winpcap_client\release\mainwindow.obj
d:\lsy\qt_winpcap_client\qt_winpcap_client\release\main.obj
d:\lsy\qt_winpcap_client\qt_winpcap_client\release\packethandle.obj
d:\lsy\qt_winpcap_client\qt_winpcap_client\release\threadpool.obj
d:\lsy\qt_winpcap_client\qt_winpcap_client\release\getnics.obj
d:\lsy\qt_winpcap_client\qt_winpcap_client\release\vc141.pdb
d:\lsy\qt_winpcap_client\qt_winpcap_client\release\moc_mainwindow.obj
d:\lsy\qt_winpcap_client\qt_winpcap_client\release\moc_packethandle.obj
d:\lsy\qt_winpcap_client\qt_winpcap_client\release\qrc_qt_winpcap_client.obj
d:\lsy\qt_winpcap_client\qt_winpcap_client\release\moc\moc_mainwindow.cpp
d:\lsy\qt_winpcap_client\qt_winpcap_client\release\moc\moc_packethandle.cpp
d:\lsy\qt_winpcap_client\qt_winpcap_client\release\uic\ui_qt_winpcap_client.h
d:\lsy\qt_winpcap_client\qt_winpcap_client\release\rcc\qrc_qt_winpcap_client.cpp
d:\lsy\qt_winpcap_client\qt_winpcap_client\release\qt_winpc.031ff3c7.tlog\cl.10392.write.1.tlog
d:\lsy\qt_winpcap_client\qt_winpcap_client\release\qt_winpc.031ff3c7.tlog\cl.command.1.tlog
d:\lsy\qt_winpcap_client\qt_winpcap_client\release\qt_winpc.031ff3c7.tlog\cl.read.1.tlog
d:\lsy\qt_winpcap_client\qt_winpcap_client\release\qt_winpc.031ff3c7.tlog\link-cvtres.read.1.tlog
d:\lsy\qt_winpcap_client\qt_winpcap_client\release\qt_winpc.031ff3c7.tlog\link-cvtres.write.1.tlog
d:\lsy\qt_winpcap_client\qt_winpcap_client\release\qt_winpc.031ff3c7.tlog\link-rc.read.1.tlog
d:\lsy\qt_winpcap_client\qt_winpcap_client\release\qt_winpc.031ff3c7.tlog\link-rc.write.1.tlog
d:\lsy\qt_winpcap_client\qt_winpcap_client\release\qt_winpc.031ff3c7.tlog\link.command.1.tlog
d:\lsy\qt_winpcap_client\qt_winpcap_client\release\qt_winpc.031ff3c7.tlog\link.read.1.tlog
d:\lsy\qt_winpcap_client\qt_winpcap_client\release\qt_winpc.031ff3c7.tlog\link.write.1.tlog
d:\lsy\qt_winpcap_client\qt_winpcap_client\release\qt_winpc.031ff3c7.tlog\moc.read.1u.tlog
d:\lsy\qt_winpcap_client\qt_winpcap_client\release\qt_winpc.031ff3c7.tlog\moc.write.1u.tlog
d:\lsy\qt_winpcap_client\qt_winpcap_client\release\qt_winpc.031ff3c7.tlog\qt_winpcap_client.write.1u.tlog
d:\lsy\qt_winpcap_client\qt_winpcap_client\release\qt_winpc.031ff3c7.tlog\rcc.read.1u.tlog
d:\lsy\qt_winpcap_client\qt_winpcap_client\release\qt_winpc.031ff3c7.tlog\rcc.write.1u.tlog
d:\lsy\qt_winpcap_client\qt_winpcap_client\release\qt_winpc.031ff3c7.tlog\uic.read.1u.tlog
d:\lsy\qt_winpcap_client\qt_winpcap_client\release\qt_winpc.031ff3c7.tlog\uic.write.1u.tlog
